2016-06-07 16:06:12 INFO  JenaModel:78 - RDF dataset loaded to memory
2016-06-07 16:06:12 INFO  NameResolution:54 - Inside NameResolution
2016-06-07 16:06:12 INFO  ExecutionEnvironment:1037 - The job has 0 registered types and 0 default Kryo serializers
2016-06-07 16:06:13 INFO  FlinkMiniCluster:240 - Starting FlinkMiniCluster.
2016-06-07 16:06:13 INFO  Slf4jLogger:80 - Slf4jLogger started
2016-06-07 16:06:13 INFO  BlobServer:97 - Created BLOB server storage directory /tmp/blobStore-03125508-851d-4ac6-b912-918e0540ab19
2016-06-07 16:06:13 INFO  BlobServer:164 - Started BLOB server at 0.0.0.0:48649 - max concurrent requests: 50 - max backlog: 1000
2016-06-07 16:06:13 INFO  SavepointStoreFactory:63 - Using job manager savepoint state backend.
2016-06-07 16:06:13 INFO  MemoryArchivist:128 - Started memory archivist akka://flink/user/archive_1
2016-06-07 16:06:13 INFO  JobManager:128 - Starting JobManager at akka://flink/user/jobmanager_1.
2016-06-07 16:06:13 INFO  JobManager:128 - JobManager akka://flink/user/jobmanager_1 was granted leadership with leader session ID None.
2016-06-07 16:06:13 INFO  TaskManager:128 - Messages between TaskManager and JobManager have a max timeout of 10000 milliseconds
2016-06-07 16:06:13 INFO  TaskManager:128 - Temporary file directory '/tmp': total 226 GB, usable 181 GB (80.09% usable)
2016-06-07 16:06:13 INFO  NetworkBufferPool:121 - Allocated 64 MB for network buffer pool (number of memory segments: 2048, bytes per segment: 32768).
2016-06-07 16:06:13 INFO  TaskManager:128 - Limiting managed memory to 565 MB, memory will be allocated lazily.
2016-06-07 16:06:13 INFO  IOManager:94 - I/O manager uses directory /tmp/flink-io-37c5aea0-ac07-4791-8e32-18eba7894c95 for spill files.
2016-06-07 16:06:13 INFO  FileCache:88 - User file cache uses directory /tmp/flink-dist-cache-cf5ea2f2-dc66-4ece-ae38-9aeede1b854c
2016-06-07 16:06:13 INFO  TaskManager:128 - Starting TaskManager actor at akka://flink/user/taskmanager_1#1007010377.
2016-06-07 16:06:13 INFO  TaskManager:128 - TaskManager data connection information: localhost (dataPort=39358)
2016-06-07 16:06:13 INFO  TaskManager:128 - TaskManager has 8 task slot(s).
2016-06-07 16:06:13 INFO  TaskManager:128 - Memory usage stats: [HEAP: 103/142/1755 MB, NON HEAP: 43/44/-1 MB (used/committed/max)]
2016-06-07 16:06:13 INFO  TaskManager:128 - Trying to register at JobManager akka://flink/user/jobmanager_1 (attempt 1, timeout: 500 milliseconds)
2016-06-07 16:06:13 INFO  InstanceManager:179 - Registered TaskManager at localhost (akka://flink/user/taskmanager_1) as eac6241562c1eda20d1176518a2d71d4. Current number of registered hosts is 1. Current number of alive task slots is 8.
2016-06-07 16:06:13 INFO  TaskManager:128 - Successful registration at JobManager (akka://flink/user/jobmanager_1), starting network stack and library cache.
2016-06-07 16:06:13 INFO  TaskManager:128 - Determined BLOB server address to be localhost/127.0.0.1:48649. Starting BLOB cache.
2016-06-07 16:06:13 INFO  BlobCache:70 - Created BLOB cache storage directory /tmp/blobStore-c3268e3b-2633-415d-a0a4-8a193e97500a
2016-06-07 16:06:13 INFO  JobClientActor:318 - Disconnect from JobManager null.
2016-06-07 16:06:13 INFO  JobClientActor:168 - Received job Flink Java Job at Tue Jun 07 16:06:12 CEST 2016 (dec3629cbc33feb024fb618ca758f3b4).
2016-06-07 16:06:13 INFO  JobClientActor:389 - Could not submit job Flink Java Job at Tue Jun 07 16:06:12 CEST 2016 (dec3629cbc33feb024fb618ca758f3b4), because there is no connection to a JobManager.
2016-06-07 16:06:13 INFO  JobClientActor:326 - Connect to JobManager Actor[akka://flink/user/jobmanager_1#1093114394].
2016-06-07 16:06:13 INFO  JobClientActor:331 - Connected to new JobManager akka://flink/user/jobmanager_1.
2016-06-07 16:06:13 INFO  JobClientActor:341 - Sending message to JobManager akka://flink/user/jobmanager_1 to submit job Flink Java Job at Tue Jun 07 16:06:12 CEST 2016 (dec3629cbc33feb024fb618ca758f3b4) and wait for progress
2016-06-07 16:06:13 INFO  JobClientActor:349 - Upload jar files to job manager akka://flink/user/jobmanager_1.
2016-06-07 16:06:13 INFO  JobClientActor:367 - Submit job to the job manager akka://flink/user/jobmanager_1.
2016-06-07 16:06:13 INFO  JobManager:128 - Submitting job dec3629cbc33feb024fb618ca758f3b4 (Flink Java Job at Tue Jun 07 16:06:12 CEST 2016).
2016-06-07 16:06:13 INFO  JobManager:128 - Using restart strategy NoRestartStrategy for dec3629cbc33feb024fb618ca758f3b4.
2016-06-07 16:06:13 INFO  JobManager:128 - Scheduling job dec3629cbc33feb024fb618ca758f3b4 (Flink Java Job at Tue Jun 07 16:06:12 CEST 2016).
2016-06-07 16:06:13 INFO  JobClientActor:211 - Job was successfully submitted to the JobManager akka://flink/user/jobmanager_1.
2016-06-07 16:06:13 INFO  JobClientActor:291 - 06/07/2016 16:06:13	Job execution switched to status RUNNING.
2016-06-07 16:06:13 INFO  ExecutionGraph:978 - CHAIN DataSource (at run(NameResolution.java:59) (org.apache.flink.api.java.io.TupleCsvInputFormat)) -> Map (Map at run(NameResolution.java:60)) (1/8) (d49ce8b5bdf6f9ab23e810960528fdc1) switched from CREATED to SCHEDULED
2016-06-07 16:06:13 INFO  JobClientActor:281 - 06/07/2016 16:06:13	CHAIN DataSource (at run(NameResolution.java:59) (org.apache.flink.api.java.io.TupleCsvInputFormat)) -> Map (Map at run(NameResolution.java:60))(1/8) switched to SCHEDULED 
2016-06-07 16:06:13 INFO  ExecutionGraph:978 - CHAIN DataSource (at run(NameResolution.java:59) (org.apache.flink.api.java.io.TupleCsvInputFormat)) -> Map (Map at run(NameResolution.java:60)) (1/8) (d49ce8b5bdf6f9ab23e810960528fdc1) switched from SCHEDULED to DEPLOYING
2016-06-07 16:06:13 INFO  ExecutionGraph:363 - Deploying CHAIN DataSource (at run(NameResolution.java:59) (org.apache.flink.api.java.io.TupleCsvInputFormat)) -> Map (Map at run(NameResolution.java:60)) (1/8) (attempt #0) to localhost
2016-06-07 16:06:13 INFO  JobClientActor:281 - 06/07/2016 16:06:13	CHAIN DataSource (at run(NameResolution.java:59) (org.apache.flink.api.java.io.TupleCsvInputFormat)) -> Map (Map at run(NameResolution.java:60))(1/8) switched to DEPLOYING 
2016-06-07 16:06:13 INFO  JobManager:137 - Status of job dec3629cbc33feb024fb618ca758f3b4 (Flink Java Job at Tue Jun 07 16:06:12 CEST 2016) changed to RUNNING.
2016-06-07 16:06:13 INFO  ExecutionGraph:978 - CHAIN DataSource (at run(NameResolution.java:59) (org.apache.flink.api.java.io.TupleCsvInputFormat)) -> Map (Map at run(NameResolution.java:60)) (2/8) (923cf4c8058d986b5068ad37cd30c66e) switched from CREATED to SCHEDULED
2016-06-07 16:06:13 INFO  JobClientActor:281 - 06/07/2016 16:06:13	CHAIN DataSource (at run(NameResolution.java:59) (org.apache.flink.api.java.io.TupleCsvInputFormat)) -> Map (Map at run(NameResolution.java:60))(2/8) switched to SCHEDULED 
2016-06-07 16:06:13 INFO  ExecutionGraph:978 - CHAIN DataSource (at run(NameResolution.java:59) (org.apache.flink.api.java.io.TupleCsvInputFormat)) -> Map (Map at run(NameResolution.java:60)) (2/8) (923cf4c8058d986b5068ad37cd30c66e) switched from SCHEDULED to DEPLOYING
2016-06-07 16:06:13 INFO  ExecutionGraph:363 - Deploying CHAIN DataSource (at run(NameResolution.java:59) (org.apache.flink.api.java.io.TupleCsvInputFormat)) -> Map (Map at run(NameResolution.java:60)) (2/8) (attempt #0) to localhost
2016-06-07 16:06:13 INFO  JobClientActor:281 - 06/07/2016 16:06:13	CHAIN DataSource (at run(NameResolution.java:59) (org.apache.flink.api.java.io.TupleCsvInputFormat)) -> Map (Map at run(NameResolution.java:60))(2/8) switched to DEPLOYING 
2016-06-07 16:06:13 INFO  ExecutionGraph:978 - CHAIN DataSource (at run(NameResolution.java:59) (org.apache.flink.api.java.io.TupleCsvInputFormat)) -> Map (Map at run(NameResolution.java:60)) (3/8) (266d73d8dcbae03cf96e4763e2f8f1c5) switched from CREATED to SCHEDULED
2016-06-07 16:06:13 INFO  JobClientActor:281 - 06/07/2016 16:06:13	CHAIN DataSource (at run(NameResolution.java:59) (org.apache.flink.api.java.io.TupleCsvInputFormat)) -> Map (Map at run(NameResolution.java:60))(3/8) switched to SCHEDULED 
2016-06-07 16:06:13 INFO  ExecutionGraph:978 - CHAIN DataSource (at run(NameResolution.java:59) (org.apache.flink.api.java.io.TupleCsvInputFormat)) -> Map (Map at run(NameResolution.java:60)) (3/8) (266d73d8dcbae03cf96e4763e2f8f1c5) switched from SCHEDULED to DEPLOYING
2016-06-07 16:06:13 INFO  ExecutionGraph:363 - Deploying CHAIN DataSource (at run(NameResolution.java:59) (org.apache.flink.api.java.io.TupleCsvInputFormat)) -> Map (Map at run(NameResolution.java:60)) (3/8) (attempt #0) to localhost
2016-06-07 16:06:13 INFO  JobClientActor:281 - 06/07/2016 16:06:13	CHAIN DataSource (at run(NameResolution.java:59) (org.apache.flink.api.java.io.TupleCsvInputFormat)) -> Map (Map at run(NameResolution.java:60))(3/8) switched to DEPLOYING 
2016-06-07 16:06:13 INFO  ExecutionGraph:978 - CHAIN DataSource (at run(NameResolution.java:59) (org.apache.flink.api.java.io.TupleCsvInputFormat)) -> Map (Map at run(NameResolution.java:60)) (4/8) (d3e421289a5c01d0f1ef3d44580d63ac) switched from CREATED to SCHEDULED
2016-06-07 16:06:13 INFO  JobClientActor:281 - 06/07/2016 16:06:13	CHAIN DataSource (at run(NameResolution.java:59) (org.apache.flink.api.java.io.TupleCsvInputFormat)) -> Map (Map at run(NameResolution.java:60))(4/8) switched to SCHEDULED 
2016-06-07 16:06:13 INFO  ExecutionGraph:978 - CHAIN DataSource (at run(NameResolution.java:59) (org.apache.flink.api.java.io.TupleCsvInputFormat)) -> Map (Map at run(NameResolution.java:60)) (4/8) (d3e421289a5c01d0f1ef3d44580d63ac) switched from SCHEDULED to DEPLOYING
2016-06-07 16:06:13 INFO  JobClientActor:281 - 06/07/2016 16:06:13	CHAIN DataSource (at run(NameResolution.java:59) (org.apache.flink.api.java.io.TupleCsvInputFormat)) -> Map (Map at run(NameResolution.java:60))(4/8) switched to DEPLOYING 
2016-06-07 16:06:13 INFO  ExecutionGraph:363 - Deploying CHAIN DataSource (at run(NameResolution.java:59) (org.apache.flink.api.java.io.TupleCsvInputFormat)) -> Map (Map at run(NameResolution.java:60)) (4/8) (attempt #0) to localhost
2016-06-07 16:06:13 INFO  ExecutionGraph:978 - CHAIN DataSource (at run(NameResolution.java:59) (org.apache.flink.api.java.io.TupleCsvInputFormat)) -> Map (Map at run(NameResolution.java:60)) (5/8) (e638028fdeabe6da85b34bb830250aae) switched from CREATED to SCHEDULED
2016-06-07 16:06:13 INFO  JobClientActor:281 - 06/07/2016 16:06:13	CHAIN DataSource (at run(NameResolution.java:59) (org.apache.flink.api.java.io.TupleCsvInputFormat)) -> Map (Map at run(NameResolution.java:60))(5/8) switched to SCHEDULED 
2016-06-07 16:06:13 INFO  ExecutionGraph:978 - CHAIN DataSource (at run(NameResolution.java:59) (org.apache.flink.api.java.io.TupleCsvInputFormat)) -> Map (Map at run(NameResolution.java:60)) (5/8) (e638028fdeabe6da85b34bb830250aae) switched from SCHEDULED to DEPLOYING
2016-06-07 16:06:13 INFO  ExecutionGraph:363 - Deploying CHAIN DataSource (at run(NameResolution.java:59) (org.apache.flink.api.java.io.TupleCsvInputFormat)) -> Map (Map at run(NameResolution.java:60)) (5/8) (attempt #0) to localhost
2016-06-07 16:06:13 INFO  ExecutionGraph:978 - CHAIN DataSource (at run(NameResolution.java:59) (org.apache.flink.api.java.io.TupleCsvInputFormat)) -> Map (Map at run(NameResolution.java:60)) (6/8) (6ec0a6f72e77ce96195530d1c7d31078) switched from CREATED to SCHEDULED
2016-06-07 16:06:13 INFO  ExecutionGraph:978 - CHAIN DataSource (at run(NameResolution.java:59) (org.apache.flink.api.java.io.TupleCsvInputFormat)) -> Map (Map at run(NameResolution.java:60)) (6/8) (6ec0a6f72e77ce96195530d1c7d31078) switched from SCHEDULED to DEPLOYING
2016-06-07 16:06:13 INFO  JobClientActor:281 - 06/07/2016 16:06:13	CHAIN DataSource (at run(NameResolution.java:59) (org.apache.flink.api.java.io.TupleCsvInputFormat)) -> Map (Map at run(NameResolution.java:60))(5/8) switched to DEPLOYING 
2016-06-07 16:06:13 INFO  ExecutionGraph:363 - Deploying CHAIN DataSource (at run(NameResolution.java:59) (org.apache.flink.api.java.io.TupleCsvInputFormat)) -> Map (Map at run(NameResolution.java:60)) (6/8) (attempt #0) to localhost
2016-06-07 16:06:13 INFO  JobClientActor:281 - 06/07/2016 16:06:13	CHAIN DataSource (at run(NameResolution.java:59) (org.apache.flink.api.java.io.TupleCsvInputFormat)) -> Map (Map at run(NameResolution.java:60))(6/8) switched to SCHEDULED 
2016-06-07 16:06:13 INFO  JobClientActor:281 - 06/07/2016 16:06:13	CHAIN DataSource (at run(NameResolution.java:59) (org.apache.flink.api.java.io.TupleCsvInputFormat)) -> Map (Map at run(NameResolution.java:60))(6/8) switched to DEPLOYING 
2016-06-07 16:06:13 INFO  ExecutionGraph:978 - CHAIN DataSource (at run(NameResolution.java:59) (org.apache.flink.api.java.io.TupleCsvInputFormat)) -> Map (Map at run(NameResolution.java:60)) (7/8) (cdaeb4d9c09afa3ecae61e58a0fd9a5c) switched from CREATED to SCHEDULED
2016-06-07 16:06:13 INFO  JobClientActor:281 - 06/07/2016 16:06:13	CHAIN DataSource (at run(NameResolution.java:59) (org.apache.flink.api.java.io.TupleCsvInputFormat)) -> Map (Map at run(NameResolution.java:60))(7/8) switched to SCHEDULED 
2016-06-07 16:06:13 INFO  ExecutionGraph:978 - CHAIN DataSource (at run(NameResolution.java:59) (org.apache.flink.api.java.io.TupleCsvInputFormat)) -> Map (Map at run(NameResolution.java:60)) (7/8) (cdaeb4d9c09afa3ecae61e58a0fd9a5c) switched from SCHEDULED to DEPLOYING
2016-06-07 16:06:13 INFO  JobClientActor:281 - 06/07/2016 16:06:13	CHAIN DataSource (at run(NameResolution.java:59) (org.apache.flink.api.java.io.TupleCsvInputFormat)) -> Map (Map at run(NameResolution.java:60))(7/8) switched to DEPLOYING 
2016-06-07 16:06:13 INFO  ExecutionGraph:363 - Deploying CHAIN DataSource (at run(NameResolution.java:59) (org.apache.flink.api.java.io.TupleCsvInputFormat)) -> Map (Map at run(NameResolution.java:60)) (7/8) (attempt #0) to localhost
2016-06-07 16:06:13 INFO  ExecutionGraph:978 - CHAIN DataSource (at run(NameResolution.java:59) (org.apache.flink.api.java.io.TupleCsvInputFormat)) -> Map (Map at run(NameResolution.java:60)) (8/8) (b737c8cd39936996b79cfc46d23c19d1) switched from CREATED to SCHEDULED
2016-06-07 16:06:13 INFO  ExecutionGraph:978 - CHAIN DataSource (at run(NameResolution.java:59) (org.apache.flink.api.java.io.TupleCsvInputFormat)) -> Map (Map at run(NameResolution.java:60)) (8/8) (b737c8cd39936996b79cfc46d23c19d1) switched from SCHEDULED to DEPLOYING
2016-06-07 16:06:13 INFO  JobClientActor:281 - 06/07/2016 16:06:13	CHAIN DataSource (at run(NameResolution.java:59) (org.apache.flink.api.java.io.TupleCsvInputFormat)) -> Map (Map at run(NameResolution.java:60))(8/8) switched to SCHEDULED 
2016-06-07 16:06:13 INFO  ExecutionGraph:363 - Deploying CHAIN DataSource (at run(NameResolution.java:59) (org.apache.flink.api.java.io.TupleCsvInputFormat)) -> Map (Map at run(NameResolution.java:60)) (8/8) (attempt #0) to localhost
2016-06-07 16:06:13 INFO  JobClientActor:281 - 06/07/2016 16:06:13	CHAIN DataSource (at run(NameResolution.java:59) (org.apache.flink.api.java.io.TupleCsvInputFormat)) -> Map (Map at run(NameResolution.java:60))(8/8) switched to DEPLOYING 
2016-06-07 16:06:13 INFO  TaskManager:128 - Received task CHAIN DataSource (at run(NameResolution.java:59) (org.apache.flink.api.java.io.TupleCsvInputFormat)) -> Map (Map at run(NameResolution.java:60)) (1/8)
2016-06-07 16:06:13 INFO  Task:451 - Loading JAR files for task CHAIN DataSource (at run(NameResolution.java:59) (org.apache.flink.api.java.io.TupleCsvInputFormat)) -> Map (Map at run(NameResolution.java:60)) (1/8)
2016-06-07 16:06:13 INFO  Task:468 - Registering task at network: CHAIN DataSource (at run(NameResolution.java:59) (org.apache.flink.api.java.io.TupleCsvInputFormat)) -> Map (Map at run(NameResolution.java:60)) (1/8) [DEPLOYING]
2016-06-07 16:06:13 INFO  TaskManager:128 - Received task CHAIN DataSource (at run(NameResolution.java:59) (org.apache.flink.api.java.io.TupleCsvInputFormat)) -> Map (Map at run(NameResolution.java:60)) (2/8)
2016-06-07 16:06:13 INFO  Task:451 - Loading JAR files for task CHAIN DataSource (at run(NameResolution.java:59) (org.apache.flink.api.java.io.TupleCsvInputFormat)) -> Map (Map at run(NameResolution.java:60)) (2/8)
2016-06-07 16:06:13 INFO  TaskManager:128 - Received task CHAIN DataSource (at run(NameResolution.java:59) (org.apache.flink.api.java.io.TupleCsvInputFormat)) -> Map (Map at run(NameResolution.java:60)) (3/8)
2016-06-07 16:06:13 INFO  Task:468 - Registering task at network: CHAIN DataSource (at run(NameResolution.java:59) (org.apache.flink.api.java.io.TupleCsvInputFormat)) -> Map (Map at run(NameResolution.java:60)) (2/8) [DEPLOYING]
2016-06-07 16:06:13 INFO  TaskManager:128 - Received task CHAIN DataSource (at run(NameResolution.java:59) (org.apache.flink.api.java.io.TupleCsvInputFormat)) -> Map (Map at run(NameResolution.java:60)) (4/8)
2016-06-07 16:06:13 INFO  Task:451 - Loading JAR files for task CHAIN DataSource (at run(NameResolution.java:59) (org.apache.flink.api.java.io.TupleCsvInputFormat)) -> Map (Map at run(NameResolution.java:60)) (4/8)
2016-06-07 16:06:13 INFO  Task:468 - Registering task at network: CHAIN DataSource (at run(NameResolution.java:59) (org.apache.flink.api.java.io.TupleCsvInputFormat)) -> Map (Map at run(NameResolution.java:60)) (4/8) [DEPLOYING]
2016-06-07 16:06:13 INFO  Task:859 - CHAIN DataSource (at run(NameResolution.java:59) (org.apache.flink.api.java.io.TupleCsvInputFormat)) -> Map (Map at run(NameResolution.java:60)) (1/8) switched to RUNNING
2016-06-07 16:06:13 INFO  TaskManager:128 - Received task CHAIN DataSource (at run(NameResolution.java:59) (org.apache.flink.api.java.io.TupleCsvInputFormat)) -> Map (Map at run(NameResolution.java:60)) (5/8)
2016-06-07 16:06:13 INFO  TaskManager:128 - Received task CHAIN DataSource (at run(NameResolution.java:59) (org.apache.flink.api.java.io.TupleCsvInputFormat)) -> Map (Map at run(NameResolution.java:60)) (6/8)
2016-06-07 16:06:13 INFO  Task:451 - Loading JAR files for task CHAIN DataSource (at run(NameResolution.java:59) (org.apache.flink.api.java.io.TupleCsvInputFormat)) -> Map (Map at run(NameResolution.java:60)) (5/8)
2016-06-07 16:06:13 INFO  Task:468 - Registering task at network: CHAIN DataSource (at run(NameResolution.java:59) (org.apache.flink.api.java.io.TupleCsvInputFormat)) -> Map (Map at run(NameResolution.java:60)) (5/8) [DEPLOYING]
2016-06-07 16:06:13 INFO  Task:859 - CHAIN DataSource (at run(NameResolution.java:59) (org.apache.flink.api.java.io.TupleCsvInputFormat)) -> Map (Map at run(NameResolution.java:60)) (5/8) switched to RUNNING
2016-06-07 16:06:13 INFO  Task:451 - Loading JAR files for task CHAIN DataSource (at run(NameResolution.java:59) (org.apache.flink.api.java.io.TupleCsvInputFormat)) -> Map (Map at run(NameResolution.java:60)) (6/8)
2016-06-07 16:06:13 INFO  Task:468 - Registering task at network: CHAIN DataSource (at run(NameResolution.java:59) (org.apache.flink.api.java.io.TupleCsvInputFormat)) -> Map (Map at run(NameResolution.java:60)) (6/8) [DEPLOYING]
2016-06-07 16:06:13 INFO  Task:859 - CHAIN DataSource (at run(NameResolution.java:59) (org.apache.flink.api.java.io.TupleCsvInputFormat)) -> Map (Map at run(NameResolution.java:60)) (6/8) switched to RUNNING
2016-06-07 16:06:13 INFO  Task:859 - CHAIN DataSource (at run(NameResolution.java:59) (org.apache.flink.api.java.io.TupleCsvInputFormat)) -> Map (Map at run(NameResolution.java:60)) (2/8) switched to RUNNING
2016-06-07 16:06:13 INFO  Task:451 - Loading JAR files for task CHAIN DataSource (at run(NameResolution.java:59) (org.apache.flink.api.java.io.TupleCsvInputFormat)) -> Map (Map at run(NameResolution.java:60)) (3/8)
2016-06-07 16:06:13 INFO  TaskManager:128 - Received task CHAIN DataSource (at run(NameResolution.java:59) (org.apache.flink.api.java.io.TupleCsvInputFormat)) -> Map (Map at run(NameResolution.java:60)) (7/8)
2016-06-07 16:06:13 INFO  Task:859 - CHAIN DataSource (at run(NameResolution.java:59) (org.apache.flink.api.java.io.TupleCsvInputFormat)) -> Map (Map at run(NameResolution.java:60)) (4/8) switched to RUNNING
2016-06-07 16:06:13 INFO  Task:451 - Loading JAR files for task CHAIN DataSource (at run(NameResolution.java:59) (org.apache.flink.api.java.io.TupleCsvInputFormat)) -> Map (Map at run(NameResolution.java:60)) (7/8)
2016-06-07 16:06:13 INFO  TaskManager:128 - Received task CHAIN DataSource (at run(NameResolution.java:59) (org.apache.flink.api.java.io.TupleCsvInputFormat)) -> Map (Map at run(NameResolution.java:60)) (8/8)
2016-06-07 16:06:13 INFO  Task:451 - Loading JAR files for task CHAIN DataSource (at run(NameResolution.java:59) (org.apache.flink.api.java.io.TupleCsvInputFormat)) -> Map (Map at run(NameResolution.java:60)) (8/8)
2016-06-07 16:06:13 INFO  Task:468 - Registering task at network: CHAIN DataSource (at run(NameResolution.java:59) (org.apache.flink.api.java.io.TupleCsvInputFormat)) -> Map (Map at run(NameResolution.java:60)) (8/8) [DEPLOYING]
2016-06-07 16:06:13 INFO  Task:859 - CHAIN DataSource (at run(NameResolution.java:59) (org.apache.flink.api.java.io.TupleCsvInputFormat)) -> Map (Map at run(NameResolution.java:60)) (8/8) switched to RUNNING
2016-06-07 16:06:13 INFO  ExecutionGraph:978 - CHAIN DataSource (at run(NameResolution.java:59) (org.apache.flink.api.java.io.TupleCsvInputFormat)) -> Map (Map at run(NameResolution.java:60)) (1/8) (d49ce8b5bdf6f9ab23e810960528fdc1) switched from DEPLOYING to RUNNING
2016-06-07 16:06:13 INFO  JobClientActor:281 - 06/07/2016 16:06:13	CHAIN DataSource (at run(NameResolution.java:59) (org.apache.flink.api.java.io.TupleCsvInputFormat)) -> Map (Map at run(NameResolution.java:60))(1/8) switched to RUNNING 
2016-06-07 16:06:13 INFO  Task:468 - Registering task at network: CHAIN DataSource (at run(NameResolution.java:59) (org.apache.flink.api.java.io.TupleCsvInputFormat)) -> Map (Map at run(NameResolution.java:60)) (3/8) [DEPLOYING]
2016-06-07 16:06:13 INFO  Task:859 - CHAIN DataSource (at run(NameResolution.java:59) (org.apache.flink.api.java.io.TupleCsvInputFormat)) -> Map (Map at run(NameResolution.java:60)) (3/8) switched to RUNNING
2016-06-07 16:06:13 INFO  Task:468 - Registering task at network: CHAIN DataSource (at run(NameResolution.java:59) (org.apache.flink.api.java.io.TupleCsvInputFormat)) -> Map (Map at run(NameResolution.java:60)) (7/8) [DEPLOYING]
2016-06-07 16:06:13 INFO  Task:859 - CHAIN DataSource (at run(NameResolution.java:59) (org.apache.flink.api.java.io.TupleCsvInputFormat)) -> Map (Map at run(NameResolution.java:60)) (7/8) switched to RUNNING
2016-06-07 16:06:13 INFO  ExecutionGraph:978 - CHAIN DataSource (at run(NameResolution.java:59) (org.apache.flink.api.java.io.TupleCsvInputFormat)) -> Map (Map at run(NameResolution.java:60)) (5/8) (e638028fdeabe6da85b34bb830250aae) switched from DEPLOYING to RUNNING
2016-06-07 16:06:13 INFO  JobClientActor:281 - 06/07/2016 16:06:13	CHAIN DataSource (at run(NameResolution.java:59) (org.apache.flink.api.java.io.TupleCsvInputFormat)) -> Map (Map at run(NameResolution.java:60))(5/8) switched to RUNNING 
2016-06-07 16:06:13 INFO  ExecutionGraph:978 - CHAIN DataSource (at run(NameResolution.java:59) (org.apache.flink.api.java.io.TupleCsvInputFormat)) -> Map (Map at run(NameResolution.java:60)) (6/8) (6ec0a6f72e77ce96195530d1c7d31078) switched from DEPLOYING to RUNNING
2016-06-07 16:06:13 INFO  JobClientActor:281 - 06/07/2016 16:06:13	CHAIN DataSource (at run(NameResolution.java:59) (org.apache.flink.api.java.io.TupleCsvInputFormat)) -> Map (Map at run(NameResolution.java:60))(6/8) switched to RUNNING 
2016-06-07 16:06:13 INFO  ExecutionGraph:978 - CHAIN DataSource (at run(NameResolution.java:59) (org.apache.flink.api.java.io.TupleCsvInputFormat)) -> Map (Map at run(NameResolution.java:60)) (7/8) (cdaeb4d9c09afa3ecae61e58a0fd9a5c) switched from DEPLOYING to RUNNING
2016-06-07 16:06:13 INFO  ExecutionGraph:978 - CHAIN DataSource (at run(NameResolution.java:59) (org.apache.flink.api.java.io.TupleCsvInputFormat)) -> Map (Map at run(NameResolution.java:60)) (4/8) (d3e421289a5c01d0f1ef3d44580d63ac) switched from DEPLOYING to RUNNING
2016-06-07 16:06:13 INFO  LocatableInputSplitAssigner:186 - Assigning remote split to host localhost
2016-06-07 16:06:13 INFO  ExecutionGraph:978 - CHAIN DataSource (at run(NameResolution.java:59) (org.apache.flink.api.java.io.TupleCsvInputFormat)) -> Map (Map at run(NameResolution.java:60)) (2/8) (923cf4c8058d986b5068ad37cd30c66e) switched from DEPLOYING to RUNNING
2016-06-07 16:06:13 INFO  JobClientActor:281 - 06/07/2016 16:06:13	CHAIN DataSource (at run(NameResolution.java:59) (org.apache.flink.api.java.io.TupleCsvInputFormat)) -> Map (Map at run(NameResolution.java:60))(7/8) switched to RUNNING 
2016-06-07 16:06:13 INFO  JobClientActor:281 - 06/07/2016 16:06:13	CHAIN DataSource (at run(NameResolution.java:59) (org.apache.flink.api.java.io.TupleCsvInputFormat)) -> Map (Map at run(NameResolution.java:60))(4/8) switched to RUNNING 
2016-06-07 16:06:13 INFO  JobClientActor:281 - 06/07/2016 16:06:13	CHAIN DataSource (at run(NameResolution.java:59) (org.apache.flink.api.java.io.TupleCsvInputFormat)) -> Map (Map at run(NameResolution.java:60))(2/8) switched to RUNNING 
2016-06-07 16:06:13 INFO  ExecutionGraph:978 - CHAIN DataSource (at run(NameResolution.java:59) (org.apache.flink.api.java.io.TupleCsvInputFormat)) -> Map (Map at run(NameResolution.java:60)) (3/8) (266d73d8dcbae03cf96e4763e2f8f1c5) switched from DEPLOYING to RUNNING
2016-06-07 16:06:13 INFO  LocatableInputSplitAssigner:186 - Assigning remote split to host localhost
2016-06-07 16:06:13 INFO  ExecutionGraph:978 - CHAIN DataSource (at run(NameResolution.java:59) (org.apache.flink.api.java.io.TupleCsvInputFormat)) -> Map (Map at run(NameResolution.java:60)) (8/8) (b737c8cd39936996b79cfc46d23c19d1) switched from DEPLOYING to RUNNING
2016-06-07 16:06:13 INFO  JobClientActor:281 - 06/07/2016 16:06:13	CHAIN DataSource (at run(NameResolution.java:59) (org.apache.flink.api.java.io.TupleCsvInputFormat)) -> Map (Map at run(NameResolution.java:60))(3/8) switched to RUNNING 
2016-06-07 16:06:13 INFO  LocatableInputSplitAssigner:186 - Assigning remote split to host localhost
2016-06-07 16:06:13 INFO  JobClientActor:281 - 06/07/2016 16:06:13	CHAIN DataSource (at run(NameResolution.java:59) (org.apache.flink.api.java.io.TupleCsvInputFormat)) -> Map (Map at run(NameResolution.java:60))(8/8) switched to RUNNING 
2016-06-07 16:06:13 INFO  LocatableInputSplitAssigner:186 - Assigning remote split to host localhost
2016-06-07 16:06:13 INFO  LocatableInputSplitAssigner:186 - Assigning remote split to host localhost
2016-06-07 16:06:13 INFO  LocatableInputSplitAssigner:186 - Assigning remote split to host localhost
2016-06-07 16:06:13 INFO  LocatableInputSplitAssigner:186 - Assigning remote split to host localhost
2016-06-07 16:06:13 INFO  LocatableInputSplitAssigner:186 - Assigning remote split to host localhost
2016-06-07 16:06:13 INFO  ExecutionGraph:978 - DataSink (collect()) (1/8) (ae5d220ff1b5c327167b88fed7315b34) switched from CREATED to SCHEDULED
2016-06-07 16:06:13 INFO  ExecutionGraph:978 - DataSink (collect()) (2/8) (c5efa3f3f941a761ee3b7b4b187f2cf0) switched from CREATED to SCHEDULED
2016-06-07 16:06:13 INFO  Task:859 - CHAIN DataSource (at run(NameResolution.java:59) (org.apache.flink.api.java.io.TupleCsvInputFormat)) -> Map (Map at run(NameResolution.java:60)) (4/8) switched to FINISHED
2016-06-07 16:06:13 INFO  ExecutionGraph:978 - DataSink (collect()) (1/8) (ae5d220ff1b5c327167b88fed7315b34) switched from SCHEDULED to DEPLOYING
2016-06-07 16:06:13 INFO  JobClientActor:281 - 06/07/2016 16:06:13	DataSink (collect())(1/8) switched to SCHEDULED 
2016-06-07 16:06:13 INFO  Task:859 - CHAIN DataSource (at run(NameResolution.java:59) (org.apache.flink.api.java.io.TupleCsvInputFormat)) -> Map (Map at run(NameResolution.java:60)) (3/8) switched to FINISHED
2016-06-07 16:06:13 INFO  Task:859 - CHAIN DataSource (at run(NameResolution.java:59) (org.apache.flink.api.java.io.TupleCsvInputFormat)) -> Map (Map at run(NameResolution.java:60)) (5/8) switched to FINISHED
2016-06-07 16:06:13 INFO  JobClientActor:281 - 06/07/2016 16:06:13	DataSink (collect())(2/8) switched to SCHEDULED 
2016-06-07 16:06:13 INFO  Task:647 - Freeing task resources for CHAIN DataSource (at run(NameResolution.java:59) (org.apache.flink.api.java.io.TupleCsvInputFormat)) -> Map (Map at run(NameResolution.java:60)) (3/8)
2016-06-07 16:06:13 INFO  ExecutionGraph:363 - Deploying DataSink (collect()) (1/8) (attempt #0) to localhost
2016-06-07 16:06:13 INFO  ExecutionGraph:978 - DataSink (collect()) (2/8) (c5efa3f3f941a761ee3b7b4b187f2cf0) switched from SCHEDULED to DEPLOYING
2016-06-07 16:06:13 INFO  Task:647 - Freeing task resources for CHAIN DataSource (at run(NameResolution.java:59) (org.apache.flink.api.java.io.TupleCsvInputFormat)) -> Map (Map at run(NameResolution.java:60)) (4/8)
2016-06-07 16:06:13 INFO  ExecutionGraph:363 - Deploying DataSink (collect()) (2/8) (attempt #0) to localhost
2016-06-07 16:06:13 INFO  TaskManager:128 - Un-registering task and sending final execution state FINISHED to JobManager for task CHAIN DataSource (at run(NameResolution.java:59) (org.apache.flink.api.java.io.TupleCsvInputFormat)) -> Map (Map at run(NameResolution.java:60)) (266d73d8dcbae03cf96e4763e2f8f1c5)
2016-06-07 16:06:13 INFO  ExecutionGraph:978 - DataSink (collect()) (5/8) (7538dd3323e6c6d873f59a546dec243b) switched from CREATED to SCHEDULED
2016-06-07 16:06:13 INFO  ExecutionGraph:978 - DataSink (collect()) (5/8) (7538dd3323e6c6d873f59a546dec243b) switched from SCHEDULED to DEPLOYING
2016-06-07 16:06:13 INFO  ExecutionGraph:363 - Deploying DataSink (collect()) (5/8) (attempt #0) to localhost
2016-06-07 16:06:13 INFO  Task:859 - CHAIN DataSource (at run(NameResolution.java:59) (org.apache.flink.api.java.io.TupleCsvInputFormat)) -> Map (Map at run(NameResolution.java:60)) (1/8) switched to FINISHED
2016-06-07 16:06:13 INFO  Task:647 - Freeing task resources for CHAIN DataSource (at run(NameResolution.java:59) (org.apache.flink.api.java.io.TupleCsvInputFormat)) -> Map (Map at run(NameResolution.java:60)) (1/8)
2016-06-07 16:06:13 INFO  ExecutionGraph:978 - DataSink (collect()) (4/8) (f4a8aa894f25a5e9a112f74854a40ef9) switched from CREATED to SCHEDULED
2016-06-07 16:06:14 INFO  ExecutionGraph:978 - DataSink (collect()) (4/8) (f4a8aa894f25a5e9a112f74854a40ef9) switched from SCHEDULED to DEPLOYING
2016-06-07 16:06:14 INFO  Task:859 - CHAIN DataSource (at run(NameResolution.java:59) (org.apache.flink.api.java.io.TupleCsvInputFormat)) -> Map (Map at run(NameResolution.java:60)) (6/8) switched to FINISHED
2016-06-07 16:06:13 INFO  JobClientActor:281 - 06/07/2016 16:06:13	DataSink (collect())(1/8) switched to DEPLOYING 
2016-06-07 16:06:14 INFO  ExecutionGraph:978 - DataSink (collect()) (8/8) (24a72146d5544ee8ec8cacb983dcd171) switched from CREATED to SCHEDULED
2016-06-07 16:06:13 INFO  Task:647 - Freeing task resources for CHAIN DataSource (at run(NameResolution.java:59) (org.apache.flink.api.java.io.TupleCsvInputFormat)) -> Map (Map at run(NameResolution.java:60)) (5/8)
2016-06-07 16:06:14 INFO  ExecutionGraph:978 - DataSink (collect()) (8/8) (24a72146d5544ee8ec8cacb983dcd171) switched from SCHEDULED to DEPLOYING
2016-06-07 16:06:14 INFO  ExecutionGraph:978 - DataSink (collect()) (6/8) (8b75b25961aaab7bddd329d410d598cc) switched from CREATED to SCHEDULED
2016-06-07 16:06:14 INFO  JobClientActor:281 - 06/07/2016 16:06:13	DataSink (collect())(2/8) switched to DEPLOYING 
2016-06-07 16:06:14 INFO  Task:859 - CHAIN DataSource (at run(NameResolution.java:59) (org.apache.flink.api.java.io.TupleCsvInputFormat)) -> Map (Map at run(NameResolution.java:60)) (8/8) switched to FINISHED
2016-06-07 16:06:14 INFO  JobClientActor:281 - 06/07/2016 16:06:13	DataSink (collect())(5/8) switched to SCHEDULED 
2016-06-07 16:06:14 INFO  Task:647 - Freeing task resources for CHAIN DataSource (at run(NameResolution.java:59) (org.apache.flink.api.java.io.TupleCsvInputFormat)) -> Map (Map at run(NameResolution.java:60)) (6/8)
2016-06-07 16:06:14 INFO  ExecutionGraph:363 - Deploying DataSink (collect()) (4/8) (attempt #0) to localhost
2016-06-07 16:06:13 INFO  Task:859 - CHAIN DataSource (at run(NameResolution.java:59) (org.apache.flink.api.java.io.TupleCsvInputFormat)) -> Map (Map at run(NameResolution.java:60)) (7/8) switched to FINISHED
2016-06-07 16:06:14 INFO  Task:647 - Freeing task resources for CHAIN DataSource (at run(NameResolution.java:59) (org.apache.flink.api.java.io.TupleCsvInputFormat)) -> Map (Map at run(NameResolution.java:60)) (7/8)
2016-06-07 16:06:13 INFO  Task:859 - CHAIN DataSource (at run(NameResolution.java:59) (org.apache.flink.api.java.io.TupleCsvInputFormat)) -> Map (Map at run(NameResolution.java:60)) (2/8) switched to FINISHED
2016-06-07 16:06:13 INFO  ExecutionGraph:978 - DataSink (collect()) (3/8) (d55ad3947d021a027d090c4692b906b9) switched from CREATED to SCHEDULED
2016-06-07 16:06:14 INFO  Task:647 - Freeing task resources for CHAIN DataSource (at run(NameResolution.java:59) (org.apache.flink.api.java.io.TupleCsvInputFormat)) -> Map (Map at run(NameResolution.java:60)) (2/8)
2016-06-07 16:06:14 INFO  JobClientActor:281 - 06/07/2016 16:06:13	DataSink (collect())(5/8) switched to DEPLOYING 
2016-06-07 16:06:14 INFO  TaskManager:128 - Un-registering task and sending final execution state FINISHED to JobManager for task CHAIN DataSource (at run(NameResolution.java:59) (org.apache.flink.api.java.io.TupleCsvInputFormat)) -> Map (Map at run(NameResolution.java:60)) (d3e421289a5c01d0f1ef3d44580d63ac)
2016-06-07 16:06:14 INFO  TaskManager:128 - Un-registering task and sending final execution state FINISHED to JobManager for task CHAIN DataSource (at run(NameResolution.java:59) (org.apache.flink.api.java.io.TupleCsvInputFormat)) -> Map (Map at run(NameResolution.java:60)) (d49ce8b5bdf6f9ab23e810960528fdc1)
2016-06-07 16:06:14 INFO  Task:647 - Freeing task resources for CHAIN DataSource (at run(NameResolution.java:59) (org.apache.flink.api.java.io.TupleCsvInputFormat)) -> Map (Map at run(NameResolution.java:60)) (8/8)
2016-06-07 16:06:14 INFO  ExecutionGraph:978 - DataSink (collect()) (6/8) (8b75b25961aaab7bddd329d410d598cc) switched from SCHEDULED to DEPLOYING
2016-06-07 16:06:14 INFO  ExecutionGraph:363 - Deploying DataSink (collect()) (8/8) (attempt #0) to localhost
2016-06-07 16:06:14 INFO  ExecutionGraph:978 - DataSink (collect()) (7/8) (89463ff391bb93a9e40eeb883fdc849f) switched from CREATED to SCHEDULED
2016-06-07 16:06:14 INFO  ExecutionGraph:978 - DataSink (collect()) (7/8) (89463ff391bb93a9e40eeb883fdc849f) switched from SCHEDULED to DEPLOYING
2016-06-07 16:06:14 INFO  ExecutionGraph:363 - Deploying DataSink (collect()) (7/8) (attempt #0) to localhost
2016-06-07 16:06:14 INFO  ExecutionGraph:363 - Deploying DataSink (collect()) (6/8) (attempt #0) to localhost
2016-06-07 16:06:14 INFO  JobClientActor:281 - 06/07/2016 16:06:14	DataSink (collect())(4/8) switched to SCHEDULED 
2016-06-07 16:06:14 INFO  ExecutionGraph:978 - DataSink (collect()) (3/8) (d55ad3947d021a027d090c4692b906b9) switched from SCHEDULED to DEPLOYING
2016-06-07 16:06:14 INFO  ExecutionGraph:363 - Deploying DataSink (collect()) (3/8) (attempt #0) to localhost
2016-06-07 16:06:14 INFO  TaskManager:128 - Received task DataSink (collect()) (2/8)
2016-06-07 16:06:14 INFO  Task:451 - Loading JAR files for task DataSink (collect()) (2/8)
2016-06-07 16:06:14 INFO  TaskManager:128 - Received task DataSink (collect()) (5/8)
2016-06-07 16:06:14 INFO  Task:451 - Loading JAR files for task DataSink (collect()) (5/8)
2016-06-07 16:06:14 INFO  TaskManager:128 - Received task DataSink (collect()) (1/8)
2016-06-07 16:06:14 INFO  JobClientActor:281 - 06/07/2016 16:06:14	DataSink (collect())(4/8) switched to DEPLOYING 
2016-06-07 16:06:14 INFO  JobClientActor:281 - 06/07/2016 16:06:14	DataSink (collect())(8/8) switched to SCHEDULED 
2016-06-07 16:06:14 INFO  JobClientActor:281 - 06/07/2016 16:06:14	DataSink (collect())(8/8) switched to DEPLOYING 
2016-06-07 16:06:14 INFO  Task:468 - Registering task at network: DataSink (collect()) (5/8) [DEPLOYING]
2016-06-07 16:06:14 INFO  Task:468 - Registering task at network: DataSink (collect()) (2/8) [DEPLOYING]
2016-06-07 16:06:14 INFO  Task:859 - DataSink (collect()) (2/8) switched to RUNNING
2016-06-07 16:06:14 INFO  TaskManager:128 - Un-registering task and sending final execution state FINISHED to JobManager for task CHAIN DataSource (at run(NameResolution.java:59) (org.apache.flink.api.java.io.TupleCsvInputFormat)) -> Map (Map at run(NameResolution.java:60)) (e638028fdeabe6da85b34bb830250aae)
2016-06-07 16:06:14 INFO  ExecutionGraph:978 - CHAIN DataSource (at run(NameResolution.java:59) (org.apache.flink.api.java.io.TupleCsvInputFormat)) -> Map (Map at run(NameResolution.java:60)) (3/8) (266d73d8dcbae03cf96e4763e2f8f1c5) switched from RUNNING to FINISHED
2016-06-07 16:06:14 INFO  TaskManager:128 - Un-registering task and sending final execution state FINISHED to JobManager for task CHAIN DataSource (at run(NameResolution.java:59) (org.apache.flink.api.java.io.TupleCsvInputFormat)) -> Map (Map at run(NameResolution.java:60)) (6ec0a6f72e77ce96195530d1c7d31078)
2016-06-07 16:06:14 INFO  TaskManager:128 - Received task DataSink (collect()) (4/8)
2016-06-07 16:06:14 INFO  Task:859 - DataSink (collect()) (5/8) switched to RUNNING
2016-06-07 16:06:14 INFO  JobClientActor:281 - 06/07/2016 16:06:14	DataSink (collect())(6/8) switched to SCHEDULED 
2016-06-07 16:06:14 INFO  JobClientActor:281 - 06/07/2016 16:06:14	DataSink (collect())(3/8) switched to SCHEDULED 
2016-06-07 16:06:14 INFO  JobClientActor:281 - 06/07/2016 16:06:14	DataSink (collect())(6/8) switched to DEPLOYING 
2016-06-07 16:06:14 INFO  JobClientActor:281 - 06/07/2016 16:06:14	DataSink (collect())(7/8) switched to SCHEDULED 
2016-06-07 16:06:14 INFO  JobClientActor:281 - 06/07/2016 16:06:14	DataSink (collect())(7/8) switched to DEPLOYING 
2016-06-07 16:06:14 INFO  JobClientActor:281 - 06/07/2016 16:06:14	DataSink (collect())(3/8) switched to DEPLOYING 
2016-06-07 16:06:14 INFO  JobClientActor:281 - 06/07/2016 16:06:14	CHAIN DataSource (at run(NameResolution.java:59) (org.apache.flink.api.java.io.TupleCsvInputFormat)) -> Map (Map at run(NameResolution.java:60))(3/8) switched to FINISHED 
2016-06-07 16:06:14 INFO  Task:451 - Loading JAR files for task DataSink (collect()) (1/8)
2016-06-07 16:06:14 INFO  Task:468 - Registering task at network: DataSink (collect()) (1/8) [DEPLOYING]
2016-06-07 16:06:14 INFO  Task:859 - DataSink (collect()) (1/8) switched to RUNNING
2016-06-07 16:06:14 INFO  Task:451 - Loading JAR files for task DataSink (collect()) (4/8)
2016-06-07 16:06:14 INFO  TaskManager:128 - Un-registering task and sending final execution state FINISHED to JobManager for task CHAIN DataSource (at run(NameResolution.java:59) (org.apache.flink.api.java.io.TupleCsvInputFormat)) -> Map (Map at run(NameResolution.java:60)) (cdaeb4d9c09afa3ecae61e58a0fd9a5c)
2016-06-07 16:06:14 INFO  TaskManager:128 - Un-registering task and sending final execution state FINISHED to JobManager for task CHAIN DataSource (at run(NameResolution.java:59) (org.apache.flink.api.java.io.TupleCsvInputFormat)) -> Map (Map at run(NameResolution.java:60)) (923cf4c8058d986b5068ad37cd30c66e)
2016-06-07 16:06:14 INFO  Task:468 - Registering task at network: DataSink (collect()) (4/8) [DEPLOYING]
2016-06-07 16:06:14 INFO  Task:859 - DataSink (collect()) (4/8) switched to RUNNING
2016-06-07 16:06:14 INFO  ExecutionGraph:978 - CHAIN DataSource (at run(NameResolution.java:59) (org.apache.flink.api.java.io.TupleCsvInputFormat)) -> Map (Map at run(NameResolution.java:60)) (4/8) (d3e421289a5c01d0f1ef3d44580d63ac) switched from RUNNING to FINISHED
2016-06-07 16:06:14 INFO  JobClientActor:281 - 06/07/2016 16:06:14	CHAIN DataSource (at run(NameResolution.java:59) (org.apache.flink.api.java.io.TupleCsvInputFormat)) -> Map (Map at run(NameResolution.java:60))(4/8) switched to FINISHED 
2016-06-07 16:06:14 INFO  Task:859 - DataSink (collect()) (5/8) switched to FINISHED
2016-06-07 16:06:14 INFO  Task:859 - DataSink (collect()) (1/8) switched to FINISHED
2016-06-07 16:06:14 INFO  Task:647 - Freeing task resources for DataSink (collect()) (1/8)
2016-06-07 16:06:14 INFO  Task:859 - DataSink (collect()) (4/8) switched to FINISHED
2016-06-07 16:06:14 INFO  Task:647 - Freeing task resources for DataSink (collect()) (5/8)
2016-06-07 16:06:14 INFO  Task:647 - Freeing task resources for DataSink (collect()) (4/8)
2016-06-07 16:06:14 INFO  ExecutionGraph:978 - CHAIN DataSource (at run(NameResolution.java:59) (org.apache.flink.api.java.io.TupleCsvInputFormat)) -> Map (Map at run(NameResolution.java:60)) (1/8) (d49ce8b5bdf6f9ab23e810960528fdc1) switched from RUNNING to FINISHED
2016-06-07 16:06:14 INFO  Task:859 - DataSink (collect()) (2/8) switched to FINISHED
2016-06-07 16:06:14 INFO  Task:647 - Freeing task resources for DataSink (collect()) (2/8)
2016-06-07 16:06:14 INFO  TaskManager:128 - Un-registering task and sending final execution state FINISHED to JobManager for task CHAIN DataSource (at run(NameResolution.java:59) (org.apache.flink.api.java.io.TupleCsvInputFormat)) -> Map (Map at run(NameResolution.java:60)) (b737c8cd39936996b79cfc46d23c19d1)
2016-06-07 16:06:14 INFO  JobClientActor:281 - 06/07/2016 16:06:14	CHAIN DataSource (at run(NameResolution.java:59) (org.apache.flink.api.java.io.TupleCsvInputFormat)) -> Map (Map at run(NameResolution.java:60))(1/8) switched to FINISHED 
2016-06-07 16:06:14 INFO  TaskManager:128 - Received task DataSink (collect()) (8/8)
2016-06-07 16:06:14 INFO  Task:451 - Loading JAR files for task DataSink (collect()) (8/8)
2016-06-07 16:06:14 INFO  TaskManager:128 - Received task DataSink (collect()) (7/8)
2016-06-07 16:06:14 INFO  Task:468 - Registering task at network: DataSink (collect()) (8/8) [DEPLOYING]
2016-06-07 16:06:14 INFO  Task:451 - Loading JAR files for task DataSink (collect()) (7/8)
2016-06-07 16:06:14 INFO  TaskManager:128 - Received task DataSink (collect()) (6/8)
2016-06-07 16:06:14 INFO  Task:859 - DataSink (collect()) (8/8) switched to RUNNING
2016-06-07 16:06:14 INFO  Task:451 - Loading JAR files for task DataSink (collect()) (6/8)
2016-06-07 16:06:14 INFO  Task:468 - Registering task at network: DataSink (collect()) (7/8) [DEPLOYING]
2016-06-07 16:06:14 INFO  Task:468 - Registering task at network: DataSink (collect()) (6/8) [DEPLOYING]
2016-06-07 16:06:14 INFO  TaskManager:128 - Received task DataSink (collect()) (3/8)
2016-06-07 16:06:14 INFO  Task:859 - DataSink (collect()) (6/8) switched to RUNNING
2016-06-07 16:06:14 INFO  Task:859 - DataSink (collect()) (7/8) switched to RUNNING
2016-06-07 16:06:14 INFO  ExecutionGraph:978 - DataSink (collect()) (2/8) (c5efa3f3f941a761ee3b7b4b187f2cf0) switched from DEPLOYING to RUNNING
2016-06-07 16:06:14 INFO  JobClientActor:281 - 06/07/2016 16:06:14	DataSink (collect())(2/8) switched to RUNNING 
2016-06-07 16:06:14 INFO  Task:859 - DataSink (collect()) (8/8) switched to FINISHED
2016-06-07 16:06:14 INFO  Task:647 - Freeing task resources for DataSink (collect()) (8/8)
2016-06-07 16:06:14 INFO  Task:451 - Loading JAR files for task DataSink (collect()) (3/8)
2016-06-07 16:06:14 INFO  Task:859 - DataSink (collect()) (7/8) switched to FINISHED
2016-06-07 16:06:14 INFO  Task:647 - Freeing task resources for DataSink (collect()) (7/8)
2016-06-07 16:06:14 INFO  Task:468 - Registering task at network: DataSink (collect()) (3/8) [DEPLOYING]
2016-06-07 16:06:14 INFO  Task:859 - DataSink (collect()) (3/8) switched to RUNNING
2016-06-07 16:06:14 INFO  ExecutionGraph:978 - CHAIN DataSource (at run(NameResolution.java:59) (org.apache.flink.api.java.io.TupleCsvInputFormat)) -> Map (Map at run(NameResolution.java:60)) (5/8) (e638028fdeabe6da85b34bb830250aae) switched from RUNNING to FINISHED
2016-06-07 16:06:14 INFO  JobClientActor:281 - 06/07/2016 16:06:14	CHAIN DataSource (at run(NameResolution.java:59) (org.apache.flink.api.java.io.TupleCsvInputFormat)) -> Map (Map at run(NameResolution.java:60))(5/8) switched to FINISHED 
2016-06-07 16:06:14 INFO  ExecutionGraph:978 - DataSink (collect()) (1/8) (ae5d220ff1b5c327167b88fed7315b34) switched from DEPLOYING to RUNNING
2016-06-07 16:06:14 INFO  ExecutionGraph:978 - CHAIN DataSource (at run(NameResolution.java:59) (org.apache.flink.api.java.io.TupleCsvInputFormat)) -> Map (Map at run(NameResolution.java:60)) (6/8) (6ec0a6f72e77ce96195530d1c7d31078) switched from RUNNING to FINISHED
2016-06-07 16:06:14 INFO  JobClientActor:281 - 06/07/2016 16:06:14	DataSink (collect())(1/8) switched to RUNNING 
2016-06-07 16:06:14 INFO  Task:859 - DataSink (collect()) (3/8) switched to FINISHED
2016-06-07 16:06:14 INFO  JobClientActor:281 - 06/07/2016 16:06:14	CHAIN DataSource (at run(NameResolution.java:59) (org.apache.flink.api.java.io.TupleCsvInputFormat)) -> Map (Map at run(NameResolution.java:60))(6/8) switched to FINISHED 
2016-06-07 16:06:14 INFO  Task:647 - Freeing task resources for DataSink (collect()) (3/8)
2016-06-07 16:06:14 INFO  ExecutionGraph:978 - DataSink (collect()) (5/8) (7538dd3323e6c6d873f59a546dec243b) switched from DEPLOYING to RUNNING
2016-06-07 16:06:14 INFO  Task:859 - DataSink (collect()) (6/8) switched to FINISHED
2016-06-07 16:06:14 INFO  Task:647 - Freeing task resources for DataSink (collect()) (6/8)
2016-06-07 16:06:14 INFO  ExecutionGraph:978 - CHAIN DataSource (at run(NameResolution.java:59) (org.apache.flink.api.java.io.TupleCsvInputFormat)) -> Map (Map at run(NameResolution.java:60)) (7/8) (cdaeb4d9c09afa3ecae61e58a0fd9a5c) switched from RUNNING to FINISHED
2016-06-07 16:06:14 INFO  JobClientActor:281 - 06/07/2016 16:06:14	DataSink (collect())(5/8) switched to RUNNING 
2016-06-07 16:06:14 INFO  JobClientActor:281 - 06/07/2016 16:06:14	CHAIN DataSource (at run(NameResolution.java:59) (org.apache.flink.api.java.io.TupleCsvInputFormat)) -> Map (Map at run(NameResolution.java:60))(7/8) switched to FINISHED 
2016-06-07 16:06:14 INFO  ExecutionGraph:978 - CHAIN DataSource (at run(NameResolution.java:59) (org.apache.flink.api.java.io.TupleCsvInputFormat)) -> Map (Map at run(NameResolution.java:60)) (2/8) (923cf4c8058d986b5068ad37cd30c66e) switched from RUNNING to FINISHED
2016-06-07 16:06:14 INFO  JobClientActor:281 - 06/07/2016 16:06:14	CHAIN DataSource (at run(NameResolution.java:59) (org.apache.flink.api.java.io.TupleCsvInputFormat)) -> Map (Map at run(NameResolution.java:60))(2/8) switched to FINISHED 
2016-06-07 16:06:14 INFO  TaskManager:128 - Un-registering task and sending final execution state FINISHED to JobManager for task DataSink (collect()) (ae5d220ff1b5c327167b88fed7315b34)
2016-06-07 16:06:14 INFO  ExecutionGraph:978 - DataSink (collect()) (4/8) (f4a8aa894f25a5e9a112f74854a40ef9) switched from DEPLOYING to RUNNING
2016-06-07 16:06:14 INFO  JobClientActor:281 - 06/07/2016 16:06:14	DataSink (collect())(4/8) switched to RUNNING 
2016-06-07 16:06:14 INFO  TaskManager:128 - Un-registering task and sending final execution state FINISHED to JobManager for task DataSink (collect()) (7538dd3323e6c6d873f59a546dec243b)
2016-06-07 16:06:14 INFO  TaskManager:128 - Un-registering task and sending final execution state FINISHED to JobManager for task DataSink (collect()) (f4a8aa894f25a5e9a112f74854a40ef9)
2016-06-07 16:06:14 INFO  TaskManager:128 - Un-registering task and sending final execution state FINISHED to JobManager for task DataSink (collect()) (c5efa3f3f941a761ee3b7b4b187f2cf0)
2016-06-07 16:06:14 INFO  ExecutionGraph:978 - CHAIN DataSource (at run(NameResolution.java:59) (org.apache.flink.api.java.io.TupleCsvInputFormat)) -> Map (Map at run(NameResolution.java:60)) (8/8) (b737c8cd39936996b79cfc46d23c19d1) switched from RUNNING to FINISHED
2016-06-07 16:06:14 INFO  JobClientActor:281 - 06/07/2016 16:06:14	CHAIN DataSource (at run(NameResolution.java:59) (org.apache.flink.api.java.io.TupleCsvInputFormat)) -> Map (Map at run(NameResolution.java:60))(8/8) switched to FINISHED 
2016-06-07 16:06:14 INFO  ExecutionGraph:978 - DataSink (collect()) (8/8) (24a72146d5544ee8ec8cacb983dcd171) switched from DEPLOYING to RUNNING
2016-06-07 16:06:14 INFO  TaskManager:128 - Un-registering task and sending final execution state FINISHED to JobManager for task DataSink (collect()) (24a72146d5544ee8ec8cacb983dcd171)
2016-06-07 16:06:14 INFO  ExecutionGraph:978 - DataSink (collect()) (7/8) (89463ff391bb93a9e40eeb883fdc849f) switched from DEPLOYING to RUNNING
2016-06-07 16:06:14 INFO  JobClientActor:281 - 06/07/2016 16:06:14	DataSink (collect())(8/8) switched to RUNNING 
2016-06-07 16:06:14 INFO  JobClientActor:281 - 06/07/2016 16:06:14	DataSink (collect())(7/8) switched to RUNNING 
2016-06-07 16:06:14 INFO  ExecutionGraph:978 - DataSink (collect()) (6/8) (8b75b25961aaab7bddd329d410d598cc) switched from DEPLOYING to RUNNING
2016-06-07 16:06:14 INFO  TaskManager:128 - Un-registering task and sending final execution state FINISHED to JobManager for task DataSink (collect()) (89463ff391bb93a9e40eeb883fdc849f)
2016-06-07 16:06:14 INFO  JobClientActor:281 - 06/07/2016 16:06:14	DataSink (collect())(6/8) switched to RUNNING 
2016-06-07 16:06:14 INFO  ExecutionGraph:978 - DataSink (collect()) (3/8) (d55ad3947d021a027d090c4692b906b9) switched from DEPLOYING to RUNNING
2016-06-07 16:06:14 INFO  TaskManager:128 - Un-registering task and sending final execution state FINISHED to JobManager for task DataSink (collect()) (8b75b25961aaab7bddd329d410d598cc)
2016-06-07 16:06:14 INFO  JobClientActor:281 - 06/07/2016 16:06:14	DataSink (collect())(3/8) switched to RUNNING 
2016-06-07 16:06:14 INFO  TaskManager:128 - Un-registering task and sending final execution state FINISHED to JobManager for task DataSink (collect()) (d55ad3947d021a027d090c4692b906b9)
2016-06-07 16:06:14 INFO  ExecutionGraph:978 - DataSink (collect()) (5/8) (7538dd3323e6c6d873f59a546dec243b) switched from RUNNING to FINISHED
2016-06-07 16:06:14 INFO  JobClientActor:281 - 06/07/2016 16:06:14	DataSink (collect())(5/8) switched to FINISHED 
2016-06-07 16:06:14 INFO  ExecutionGraph:978 - DataSink (collect()) (4/8) (f4a8aa894f25a5e9a112f74854a40ef9) switched from RUNNING to FINISHED
2016-06-07 16:06:14 INFO  JobClientActor:281 - 06/07/2016 16:06:14	DataSink (collect())(4/8) switched to FINISHED 
2016-06-07 16:06:14 INFO  ExecutionGraph:978 - DataSink (collect()) (1/8) (ae5d220ff1b5c327167b88fed7315b34) switched from RUNNING to FINISHED
2016-06-07 16:06:14 INFO  JobClientActor:281 - 06/07/2016 16:06:14	DataSink (collect())(1/8) switched to FINISHED 
2016-06-07 16:06:14 INFO  ExecutionGraph:978 - DataSink (collect()) (8/8) (24a72146d5544ee8ec8cacb983dcd171) switched from RUNNING to FINISHED
2016-06-07 16:06:14 INFO  ExecutionGraph:978 - DataSink (collect()) (2/8) (c5efa3f3f941a761ee3b7b4b187f2cf0) switched from RUNNING to FINISHED
2016-06-07 16:06:14 INFO  JobClientActor:281 - 06/07/2016 16:06:14	DataSink (collect())(8/8) switched to FINISHED 
2016-06-07 16:06:14 INFO  ExecutionGraph:978 - DataSink (collect()) (7/8) (89463ff391bb93a9e40eeb883fdc849f) switched from RUNNING to FINISHED
2016-06-07 16:06:14 INFO  JobClientActor:281 - 06/07/2016 16:06:14	DataSink (collect())(2/8) switched to FINISHED 
2016-06-07 16:06:14 INFO  JobClientActor:281 - 06/07/2016 16:06:14	DataSink (collect())(7/8) switched to FINISHED 
2016-06-07 16:06:14 INFO  ExecutionGraph:978 - DataSink (collect()) (3/8) (d55ad3947d021a027d090c4692b906b9) switched from RUNNING to FINISHED
2016-06-07 16:06:14 INFO  ExecutionGraph:978 - DataSink (collect()) (6/8) (8b75b25961aaab7bddd329d410d598cc) switched from RUNNING to FINISHED
2016-06-07 16:06:14 INFO  JobClientActor:281 - 06/07/2016 16:06:14	DataSink (collect())(3/8) switched to FINISHED 
2016-06-07 16:06:14 INFO  JobClientActor:281 - 06/07/2016 16:06:14	DataSink (collect())(6/8) switched to FINISHED 
2016-06-07 16:06:14 INFO  JobClientActor:291 - 06/07/2016 16:06:14	Job execution switched to status FINISHED.
2016-06-07 16:06:14 INFO  JobManager:137 - Status of job dec3629cbc33feb024fb618ca758f3b4 (Flink Java Job at Tue Jun 07 16:06:12 CEST 2016) changed to FINISHED.
2016-06-07 16:06:14 INFO  JobClientActor:406 - Terminate JobClientActor.
2016-06-07 16:06:14 INFO  JobClient:150 - Job execution complete
2016-06-07 16:06:14 INFO  JobClientActor:318 - Disconnect from JobManager Actor[akka://flink/user/jobmanager_1#1093114394].
2016-06-07 16:06:14 INFO  FlinkMiniCluster:318 - Stopping FlinkMiniCluster.
2016-06-07 16:06:14 INFO  TaskManager:128 - Stopping TaskManager akka://flink/user/taskmanager_1#1007010377.
2016-06-07 16:06:14 INFO  JobManager:128 - Stopping JobManager akka://flink/user/jobmanager_1.
2016-06-07 16:06:14 INFO  TaskManager:128 - Disassociating from JobManager
2016-06-07 16:06:14 INFO  BlobCache:206 - Shutting down BlobCache
2016-06-07 16:06:14 INFO  BlobServer:321 - Stopped BLOB server at 0.0.0.0:48649
2016-06-07 16:06:14 INFO  IOManager:109 - I/O manager removed spill file directory /tmp/flink-io-37c5aea0-ac07-4791-8e32-18eba7894c95
2016-06-07 16:06:14 INFO  TaskManager:128 - Task manager akka://flink/user/taskmanager_1 is completely shut down.
2016-06-07 16:06:14 INFO  Main:109 - Finished!!
